  weak_ptr.cpp
C:\Dev\IDE\Microsoft Visual Studio\2022\Community\VC\Tools\MSVC\14.43.34808\include\xmemory(324,9): error C2248: 'MyClass::~MyClass': private 멤버('MyClass' 클래스에서 선언)에 액세스할 수 없습니다.
  (소스 파일 'weak_ptr.cpp'을(를) 컴파일하는 중)
      C:\Work\C++\iot-cpp-2025\Day06\weak_ptr.cpp(12,1):
      컴파일러에서 여기에 'MyClass::~MyClass'을(를) 생성했습니다.
      C:\Work\C++\iot-cpp-2025\Day06\weak_ptr.cpp(8,7):
      'MyClass' 선언을 참조하십시오.
      C:\Dev\IDE\Microsoft Visual Studio\2022\Community\VC\Tools\MSVC\14.43.34808\include\xmemory(324,9):
      템플릿 인스턴스화 컨텍스트(가장 오래된 인스턴스화 컨텍스트)가
          C:\Work\C++\iot-cpp-2025\Day06\weak_ptr.cpp(15,28):
          컴파일되는 함수 템플릿 인스턴스화 'std::shared_ptr<MyClass> std::make_shared<MyClass,>(void)'에 대한 참조를 확인하세요.
          C:\Dev\IDE\Microsoft Visual Studio\2022\Community\VC\Tools\MSVC\14.43.34808\include\memory(2903,26):
          컴파일되는 클래스 템플릿 인스턴스화 'std::_Ref_count_obj2<MyClass>'에 대한 참조를 확인하세요.
          C:\Dev\IDE\Microsoft Visual Studio\2022\Community\VC\Tools\MSVC\14.43.34808\include\memory(2109,10):
          클래스 템플릿 멤버 함수 'void std::_Ref_count_obj2<MyClass>::_Destroy(void) noexcept'을(를) 컴파일하는 중입니다.
          C:\Dev\IDE\Microsoft Visual Studio\2022\Community\VC\Tools\MSVC\14.43.34808\include\memory(2110,14):
          컴파일되는 함수 템플릿 인스턴스화 'void std::_Destroy_in_place<_Ty>(_Ty &) noexcept'에 대한 참조를 확인하세요.
          with
          [
              _Ty=MyClass
          ]
  
